\BOOKMARK [3][-]{section*.5}{\376\377\325\134\255\155\305\264\000\040\274\210\305\355\000\040\307\164\270\045}{}% 1
\BOOKMARK [2][-]{section*.6}{\376\377\264\344\305\264\254\000\272\160\000\040\000\050\000I\000n\000t\000r\000o\000\051}{}% 2
\BOOKMARK [2][-]{section*.7}{\376\377\325\134\255\155\305\264\000\040\274\210\305\355\000\040\000\050\000K\000o\000r\000e\000a\000n\000\040\000t\000r\000a\000n\000s\000l\000a\000t\000i\000o\000n\000\051}{}% 3
\BOOKMARK [2][-]{section*.9}{\376\377\254\020\300\254\307\130\000\040\256\000\000\050\000A\000c\000k\000n\000o\000w\000l\000e\000d\000g\000e\000m\000e\000n\000t\000\051}{}% 4
\BOOKMARK [2][-]{section*.10}{\376\377\310\034\000\040\0001\000\040\275\200\000\040\000\050\000P\000a\000r\000t\000\040\000I\000\051}{}% 5
\BOOKMARK [3][-]{section*.11}{\376\377\310\025\274\364\271\174\000\040\260\230\320\300\260\264\262\224\000\040\306\320\307\254\270\314\000\040\040\024\000\040\263\160\307\164\321\060}{section*.10}% 6
\BOOKMARK [2][-]{section*.16}{\376\377\310\020\307\130\000\040\254\034\302\030\271\174\000\040\301\070\262\344\040\024\307\164\311\304\302\030\000\050\000b\000i\000n\000a\000r\000y\000\040\000n\000u\000m\000b\000e\000r\000s\000\051}{}% 7
\BOOKMARK [3][-]{section*.22}{\376\377\307\164\311\304\302\030\000\050\000B\000i\000n\000a\000r\000y\000\040\000N\000u\000m\000b\000e\000r\000s\000\051}{section*.16}% 8
\BOOKMARK [2][-]{section*.42}{\376\377\302\053\307\220\270\134\000\040\300\311\256\124\000\040\324\134\326\004\325\130\256\060\040\024\307\164\273\370\311\300\000\040\324\134\326\004\000\040\000\050\000i\000m\000a\000g\000e\000\040\000r\000e\000p\000r\000e\000s\000e\000n\000t\000a\000t\000i\000o\000n\000\051}{}% 9
\BOOKMARK [3][-]{section*.48}{\376\377\302\053\307\220\270\134\000\040\300\311\256\124\000\040\324\134\326\004\325\130\256\060\000\040\000\050\000i\000m\000a\000g\000e\000\040\000r\000e\000p\000r\000e\000s\000e\000n\000t\000a\000t\000i\000o\000n\000\051}{section*.42}% 10
\BOOKMARK [2][-]{section*.60}{\376\377\262\344\302\334\000\040\271\320\325\140\000\040\302\030\000\040\307\210\305\264\306\224\000!\040\024\321\115\302\244\322\270\000\040\305\125\315\225\000\040\000\050\000T\000e\000x\000t\000\040\000c\000o\000m\000p\000r\000e\000s\000s\000i\000o\000n\000\051}{}% 11
\BOOKMARK [3][-]{section*.66}{\376\377\262\344\302\334\000\040\271\320\325\140\000\040\302\030\000\040\307\210\305\264\306\224\000!\000\040\000\050\000T\000e\000x\000t\000\040\000c\000o\000m\000p\000r\000e\000s\000s\000i\000o\000n\000\051}{section*.60}% 12
\BOOKMARK [2][-]{section*.73}{\376\377\000B\000a\000n\000a\000n\000a}{}% 13
\BOOKMARK [2][-]{section*.74}{\376\377\000B\000a\000n\000\137\000\040\000\137\000\040\000\137}{}% 14
\BOOKMARK [2][-]{section*.75}{\376\377\000B\000a\000n\000\137\000\040\000\137}{}% 15
\BOOKMARK [2][-]{section*.76}{\376\377\000B\000a\000n\000a\000n\000\137}{}% 16
\BOOKMARK [2][-]{section*.77}{\376\377\000B\000a\000n\000a\000n\000a}{}% 17
\BOOKMARK [3][-]{section*.80}{\376\377\000I\000\040\000k\000n\000o\000w\000\040\000a\000n\000\040\000o\000l\000d\000\040\000l\000a\000d\000y\000\040\000w\000h\000o\000\040\000s\000w\000a\000l\000l\000o\000w\000e\000d\000\040\000a\000\040\000b\000i\000r\000d\000\040\000H\000o\000w\000\040\000a\000b\000s\000u\000r\000d\000!\000\040\000S\000h\000e\000\040\000s\000w\000a\000l\000l\000o\000w\000e\000d\000\040\000a\000\040\000b\000i\000r\000d\000!\000\040\000S\000h\000e\000\040\000s\000w\000a\000l\000l\000o\000w\000e\000d\000\040\000t\000h\000e\000\040\000b\000i\000r\000d\000\040\000t\000o\000\040\000c\000a\000t\000c\000h\000\040\000t\000h\000e\000\040\000s\000p\000i\000d\000e\000r\000\040\000T\000h\000a\000t\000\040\000w\000r\000i\000g\000g\000l\000e\000d\000\040\000a\000n\000d\000\040\000j\000i\000g\000g\000l\000e\000d\000\040\000a\000n\000d\000\040\000t\000i\000c\000k\000l\000e\000d\000\040\000i\000n\000s\000i\000d\000e\000\040\000h\000e\000r\000\040\000S\000h\000e\000\040\000s\000w\000a\000l\000l\000o\000w\000e\000d\000\040\000t\000h\000e\000\040\000s\000p\000i\000d\000e\000r\000\040\000t\000o\000\040\000c\000a\000t\000c\000h\000\040\000t\000h\000e\000\040\000f\000l\000y\000\040\000I\000\040\000d\000o\000n\000'\000t\000\040\000k\000n\000o\000w\000\040\000w\000h\000y\000\040\000s\000h\000e\000\040\000s\000w\000a\000l\000l\000o\000w\000e\000d\000\040\000a\000\040\000f\000l\000y\000\040\000P\000e\000r\000h\000a\000p\000s\000\040\000s\000h\000e\000'\000l\000l\000\040\000d\000i\000e\040\046}{section*.77}% 18
\BOOKMARK [2][-]{section*.87}{\376\377\316\164\264\334\000\040\264\244\311\321\256\060\000\040\271\310\302\040\000\040\040\024\000\040\306\044\271\130\000\040\320\320\311\300\000\040\274\017\000\040\302\030\310\025\000\040\000\050\000e\000r\000r\000o\000r\000\040\000d\000e\000t\000e\000c\000t\000i\000o\000n\000\040\000a\000n\000d\000\040\000c\000o\000r\000r\000e\000c\000t\000i\000o\000n\000\051}{}% 19
\BOOKMARK [3][-]{section*.93}{\376\377\271\310\302\040\000\040\000\050\000e\000r\000r\000o\000r\000\040\000d\000e\000t\000e\000c\000t\000i\000o\000n\000\040\000a\000n\000d\000\040\000c\000o\000r\000r\000e\000c\000t\000i\000o\000n\000\051}{section*.87}% 20
\BOOKMARK [2][-]{section*.100}{\376\377\311\310\273\070\000\040\0002\0000\000\040\254\034\000\040\040\024\000\040\310\025\274\364\000\040\307\164\270\140\000\040\000\050\000I\000n\000f\000o\000r\000m\000a\000t\000i\000o\000n\000\040\000T\000h\000e\000o\000r\000y\000\051}{}% 21
\BOOKMARK [3][-]{section*.106}{\376\377\311\310\273\070\000\040\0002\0000\254\034\000\040\000\050\000I\000n\000f\000o\000r\000m\000a\000t\000i\000o\000n\000\040\000T\000h\000e\000o\000r\000y\000\051}{section*.100}% 22
\BOOKMARK [2][-]{section*.112}{\376\377\310\034\000\040\0002\000\040\275\200\000\040\000\050\000P\000a\000r\000t\000\040\000I\000I\000\051}{}% 23
\BOOKMARK [3][-]{section*.113}{\376\377\316\364\324\350\321\060\271\174\000\040\263\331\307\221\302\334\320\244\256\060\000\040\040\024\000\040\305\114\254\340\271\254\311\230}{section*.112}% 24
\BOOKMARK [2][-]{section*.115}{\376\377\310\004\325\150\000\040\040\024\000\040\254\200\300\311\000\040\305\114\254\340\271\254\311\230\000\040\000\050\000S\000e\000a\000r\000c\000h\000i\000n\000g\000\040\000A\000l\000g\000o\000r\000i\000t\000h\000m\000s\000\051}{}% 25
\BOOKMARK [3][-]{section*.121}{\376\377\310\004\325\150\000\040\000\050\000S\000e\000a\000r\000c\000h\000i\000n\000g\000\040\000A\000l\000g\000o\000r\000i\000t\000h\000m\000s\000\051}{section*.115}% 26
\BOOKMARK [2][-]{section*.135}{\376\377\254\000\307\245\000\040\254\000\274\274\306\264\000\040\254\203\254\374\000\040\254\000\307\245\000\040\273\064\254\160\306\264\000\040\254\203\000\040\040\024\000\040\310\025\270\054\000\040\305\114\254\340\271\254\311\230\000\050\000S\000o\000r\000t\000i\000n\000g\000\040\000A\000l\000g\000o\000r\000i\000t\000h\000m\000s\000\051}{}% 27
\BOOKMARK [3][-]{section*.141}{\376\377\254\000\307\245\000\040\254\000\274\274\306\264\000\040\254\203\254\374\000\040\254\000\307\245\000\040\273\064\254\160\306\264\000\040\254\203\000\050\000S\000o\000r\000t\000i\000n\000g\000\040\000A\000l\000g\000o\000r\000i\000t\000h\000m\000s\000\051}{section*.135}% 28
\BOOKMARK [2][-]{section*.150}{\376\377\302\334\254\004\000\040\260\264\000\040\307\174\307\104\000\040\271\310\316\130\256\060\000\040\040\024\000\040\310\025\270\054\000\040\261\044\322\270\306\314\320\154\000\050\000S\000o\000r\000t\000i\000n\000g\000\040\000N\000e\000t\000w\000o\000r\000k\000s\000\051}{}% 29
\BOOKMARK [3][-]{section*.156}{\376\377\310\025\270\054\000\040\261\044\322\270\306\314\320\154\000\040\000\050\000S\000o\000r\000t\000i\000n\000g\000\040\000N\000e\000t\000w\000o\000r\000k\000\051}{section*.150}% 30
\BOOKMARK [2][-]{section*.162}{\376\377\311\304\327\131\263\304\302\334\000\040\325\004\270\134\310\035\322\270\000\040\040\024\000\040\315\134\301\214\300\335\301\061\260\230\273\064\000\050\000M\000i\000n\000i\000m\000a\000l\000\040\000S\000p\000a\000n\000n\000i\000n\000g\000\040\000T\000r\000e\000e\000s\000\051}{}% 31
\BOOKMARK [3][-]{section*.168}{\376\377\311\304\327\131\000\040\263\304\302\334\000\040\000\050\000M\000i\000n\000i\000m\000a\000l\000\040\000S\000p\000a\000n\000n\000i\000n\000g\000\040\000T\000r\000e\000e\000s\000\051}{section*.162}% 32
\BOOKMARK [2][-]{section*.175}{\376\377\306\044\270\014\311\300\000\040\254\214\307\204\000\040\040\024\000\040\261\044\322\270\306\314\320\154\000\040\267\174\306\260\323\005\254\374\000\040\255\120\314\051\300\301\320\334\000\050\000R\000o\000u\000t\000i\000n\000g\000\040\000a\000n\000d\000\040\000D\000e\000a\000d\000l\000o\000c\000k\000\040\000i\000n\000\040\000N\000e\000t\000w\000o\000r\000k\000s\000\051}{}% 33
\BOOKMARK [3][-]{section*.181}{\376\377\306\044\270\014\311\300\000\040\254\214\307\204\000\040\000\050\000O\000r\000a\000n\000g\000e\000\040\000G\000a\000m\000e\000\051}{section*.175}% 34
\BOOKMARK [2][-]{section*.186}{\376\377\263\314\272\205\323\020\000\050\000T\000a\000b\000l\000e\000t\000s\000\040\000o\000f\000\040\000S\000t\000o\000n\000e\000\051\000\040\040\024\000\040\261\044\322\270\306\314\320\154\000\040\321\265\302\340\000\040\325\004\270\134\321\240\317\134\000\050\000N\000e\000t\000w\000o\000r\000k\000\040\000C\000o\000m\000m\000u\000n\000i\000c\000a\000t\000i\000o\000n\000\040\000P\000r\000o\000t\000o\000c\000o\000l\000s\000\051}{}% 35
\BOOKMARK [3][-]{section*.192}{\376\377\263\314\272\205\323\020\000\050\000T\000a\000b\000l\000e\000t\000s\000\040\000o\000f\000\040\000S\000t\000o\000n\000e\000\051}{section*.186}% 36
\BOOKMARK [2][-]{section*.200}{\376\377\310\034\000\040\0003\000\040\275\200\000\040\000\050\000P\000a\000r\000t\000\040\000I\000I\000I\000\051}{}% 37
\BOOKMARK [3][-]{section*.201}{\376\377\316\364\324\350\321\060\305\320\000\040\273\064\305\307\307\104\000\040\302\030\325\211\325\140\311\300\000\040\311\300\302\334\325\130\256\060\000\040\040\024\000\040\310\010\314\050\307\130\000\040\324\134\326\004}{section*.200}% 38
\BOOKMARK [2][-]{section*.203}{\376\377\274\364\273\074\000\040\314\076\256\060\000\040\040\024\000\040\307\040\325\134\300\301\320\334\000\040\306\044\321\240\271\310\320\300\000\050\000F\000i\000n\000i\000t\000e\000-\000S\000t\000a\000t\000e\000\040\000A\000u\000t\000o\000m\000a\000t\000a\000\051}{}% 39
\BOOKMARK [3][-]{section*.209}{\376\377\274\364\273\074\301\054}{section*.203}% 40
\BOOKMARK [2][-]{section*.222}{\376\377\311\304\255\160\000\040\272\205\270\071\000\040\040\024\000\040\325\004\270\134\255\370\267\230\274\015\000\040\305\270\305\264\000\050\000P\000r\000o\000g\000r\000a\000m\000m\000i\000n\000g\000\040\000L\000a\000n\000g\000u\000a\000g\000e\000s\000\051}{}% 41
\BOOKMARK [3][-]{section*.228}{\376\377\311\304\255\160\000\040\272\205\270\071\000\040\000\050\000M\000a\000r\000c\000h\000i\000n\000g\000\040\000o\000r\000d\000e\000r\000s\000\051}{section*.222}% 42
\BOOKMARK [2][-]{section*.234}{\376\377\310\034\000\040\0004\000\040\275\200\000\040\000\050\000P\000a\000r\000t\000\040\000I\000V\000\051}{}% 43
\BOOKMARK [3][-]{section*.235}{\376\377\310\025\271\320\000\040\305\264\270\044\306\264\000\040\273\070\310\034\000\040\040\024\000\040\260\234\325\164\301\061\000\050\000i\000n\000t\000r\000a\000c\000t\000a\000b\000i\000l\000i\000t\000y\000\051}{section*.234}% 44
\BOOKMARK [2][-]{section*.238}{\376\377\254\000\260\234\325\134\000\040\311\300\263\304\000\040\310\034\307\221\307\220\000\040\040\024\000\040\255\370\267\230\325\004\000\040\300\311\316\140\325\130\256\060\000\050\000G\000r\000a\000p\000h\000\040\000c\000o\000l\000o\000r\000i\000n\000g\000\051}{}% 45
\BOOKMARK [3][-]{section*.244}{\376\377\255\370\267\230\325\004\000\040\300\311\316\140\325\130\256\060\000\040\000\050\000G\000r\000a\000p\000h\000\040\000c\000o\000l\000o\000r\000i\000n\000g\000\051}{section*.238}% 46
\BOOKMARK [2][-]{section*.255}{\376\377\255\000\255\021\000\040\271\310\307\104\000\040\040\024\000\040\311\300\274\060\000\040\311\321\325\151\000\050\000D\000o\000m\000i\000n\000a\000t\000i\000n\000g\000\040\000s\000e\000t\000s\000\051}{}% 47
\BOOKMARK [3][-]{section*.261}{\376\377\311\300\274\060\000\040\311\321\325\151\000\050\000D\000o\000m\000i\000n\000a\000t\000i\000n\000g\000\040\000S\000e\000t\000s\000\051}{section*.255}% 48
\BOOKMARK [2][-]{section*.269}{\376\377\305\274\307\114\256\070\000\040\040\024\000\040\302\244\320\300\307\164\261\010\000\040\322\270\271\254\000\050\000S\000t\000e\000i\000n\000e\000r\000\040\000t\000r\000e\000e\000s\000\051}{}% 49
\BOOKMARK [3][-]{section*.275}{\376\377\305\274\307\114\256\070\000\050\000S\000t\000e\000i\000n\000e\000r\000\040\000t\000r\000e\000e\000s\000\051}{section*.269}% 50
\BOOKMARK [2][-]{section*.283}{\376\377\310\034\000\040\0005\000\040\275\200\000\040\000\050\000P\000a\000r\000t\000\040\000V\000\051}{}% 51
\BOOKMARK [3][-]{section*.284}{\376\377\276\104\274\000\000\040\254\365\307\040\306\100\000\040\274\224\310\304\306\100\000\040\310\004\307\301\000\040\040\024\000\040\305\124\326\070\326\124\000\050\000C\000r\000y\000p\000t\000o\000g\000r\000a\000p\000h\000y\000\051}{section*.283}% 52
\BOOKMARK [2][-]{section*.288}{\376\377\276\104\274\000\000\040\254\365\307\040\000\040\040\024\000\040\310\025\274\364\000\040\307\100\262\311\000\040\325\004\270\134\321\240\317\134\000\050\000I\000n\000f\000o\000r\000m\000a\000t\000i\000o\000n\000\040\000h\000i\000d\000i\000n\000g\000\040\000p\000r\000o\000t\000o\000c\000o\000l\000s\000\051}{}% 53
\BOOKMARK [3][-]{section*.294}{\376\377\276\104\274\000\000\040\254\365\307\040\000\050\000I\000n\000f\000o\000r\000m\000a\000t\000i\000o\000n\000\040\000h\000i\000d\000i\000n\000g\000\040\000p\000r\000o\000t\000o\000c\000o\000l\000s\000\051}{section*.288}% 54
\BOOKMARK [2][-]{section*.300}{\376\377\323\230\270\350\000\040\263\331\310\004\000\040\263\130\311\300\256\060\000\040\040\024\000\040\305\124\326\124\326\124\000\040\325\004\270\134\321\240\317\134\000\040\000\050\000C\000r\000y\000p\000t\000o\000g\000r\000a\000p\000h\000i\000c\000\040\000p\000r\000o\000t\000o\000c\000o\000l\000s\000\051}{}% 55
\BOOKMARK [3][-]{section*.306}{\376\377\323\230\270\350\000\040\263\331\310\004\000\040\263\130\311\300\256\060\000\040\000\050\000C\000r\000y\000p\000t\000o\000g\000r\000a\000p\000h\000i\000c\000\040\000p\000r\000o\000t\000o\000c\000o\000l\000s\000\051}{section*.300}% 56
\BOOKMARK [2][-]{section*.313}{\376\377\320\244\264\334\000\040\320\154\271\275\321\240\000\050\000K\000i\000d\000\040\000K\000r\000y\000p\000t\000o\000\051\000\040\040\024\000\040\254\365\254\034\320\244\000\040\305\124\326\070\326\124\000\050\000P\000u\000b\000l\000i\000c\000-\000k\000e\000y\000\040\000e\000n\000c\000r\000y\000p\000t\000i\000o\000n\000\051}{}% 57
\BOOKMARK [3][-]{section*.319}{\376\377\320\244\264\334\000\040\320\154\271\275\321\240\000\040\000\050\000P\000u\000b\000l\000i\000c\000-\000k\000e\000y\000\040\000e\000n\000c\000r\000y\000p\000t\000i\000o\000n\000\051}{section*.313}% 58
\BOOKMARK [2][-]{section*.326}{\376\377\310\034\000\040\0006\000\040\275\200\000\040\000\050\000P\000a\000r\000t\000\040\000V\000I\000\051}{}% 59
\BOOKMARK [3][-]{section*.327}{\376\377\300\254\267\214\000\040\260\304\300\310\260\230\262\224\000\040\316\364\324\350\321\060\000\040\040\024\000\040\316\364\324\350\321\060\306\100\000\040\300\301\326\070\307\221\306\251\000\050\000I\000n\000t\000e\000r\000a\000c\000t\000i\000n\000g\000\040\000w\000i\000t\000h\000\040\000c\000o\000m\000p\000u\000t\000e\000r\000s\000\051}{section*.326}% 60
\BOOKMARK [2][-]{section*.331}{\376\377\315\170\317\124\271\277\000\040\254\365\307\245\000\040\040\024\000\040\327\064\272\074\000\040\307\170\321\060\323\230\307\164\302\244\000\040\265\024\307\220\307\170\000\040\000\050\000H\000u\000m\000a\000n\000\040\000i\000n\000t\000e\000r\000f\000a\000c\000e\000\040\000d\000e\000s\000i\000g\000n\000\051}{}% 61
\BOOKMARK [3][-]{section*.337}{\376\377\315\170\317\134\271\277\000\040\254\365\307\245\000\040\000\050\000H\000u\000m\000a\000n\000\040\000i\000n\000t\000e\000r\000f\000a\000c\000e\000\040\000d\000e\000s\000i\000g\000n\000\051}{section*.331}% 62
\BOOKMARK [2][-]{section*.346}{\376\377\316\364\324\350\321\060\306\100\000\040\263\000\326\124\325\130\256\060\000\040\040\024\000\040\322\234\271\301\000\040\321\114\302\244\322\270\000\050\000T\000u\000r\000i\000n\000g\000\040\000t\000e\000s\000t\000\051}{}% 63
\BOOKMARK [3][-]{section*.352}{\376\377\316\364\324\350\321\060\306\100\000\040\263\000\326\124\325\130\256\060\000\040\000\050\000T\000u\000r\000i\000n\000g\000\040\000t\000e\000s\000t\000\051}{section*.346}% 64
\BOOKMARK [2][-]{section*.359}{\376\377\315\224\314\234\000\040\263\304\301\034\000\040\000\050\000R\000e\000a\000d\000i\000n\000g\000\051}{}% 65
\BOOKMARK [3][-]{section*.360}{\376\377\263\304\301\034\000\040\000\050\000B\000o\000o\000k\000s\000\051}{section*.359}% 66
\BOOKMARK [3][-]{section*.361}{\376\377\261\174\273\070\000\040\000\050\000P\000a\000p\000e\000r\000s\000\051}{section*.359}% 67
\BOOKMARK [2][-]{section*.362}{\376\377\267\174\307\164\301\074\302\244\000\040\000\050\000L\000i\000c\000e\000n\000s\000e\000s\000\051}{}% 68
\BOOKMARK [3][-]{section*.363}{\376\377\316\364\324\350\321\060\000\040\254\374\325\131\000\040\305\270\325\014\267\354\255\370\264\334\000\040\274\210\305\355\301\034}{section*.362}% 69
\BOOKMARK [3][-]{section*.368}{\376\377\300\301\324\134\255\214\000\050\000T\000r\000a\000d\000e\000m\000a\000r\000k\000\051}{section*.362}% 70
